<?xml version="1.0" encoding="UTF-8"?>
<!-- Generated by org.testng.reporters.JUnitXMLReporter -->
<testsuite ignored="2" hostname="DESKTOP-S5RPUEQ" failures="0" tests="4" name="Test-Runner=2" time="45.317" errors="0" timestamp="2023-11-22T09:33:06 IST">
  <testcase classname="datadrivenprograms.Demo1" name="test1" time="0.002"/>
  <testcase classname="datadrivenprograms.Demo1" name="test2" time="0.002"/>
  <testcase classname="datadrivenprograms.Sample1" name="test1" time="0.002"/>
  <testcase classname="datadrivenprograms.Sample1" name="test2" time="0.002"/>
  <testcase classname="com.hms.GenricUtils.BaseClass" name="@BeforeSuite cofig_DB" time="0.0">
    <ignored/>
  </testcase> <!-- @BeforeSuite cofig_DB -->
  <testcase classname="com.hms.GenricUtils.BaseClass" name="@AfterSuite config_AS" time="0.0">
    <ignored/>
  </testcase> <!-- @AfterSuite config_AS -->
</testsuite> <!-- Test-Runner=2 -->
