<?xml version="1.0" encoding="UTF-8"?>
<!-- Generated by org.testng.reporters.JUnitReportReporter -->
<testsuite hostname="DESKTOP-S5RPUEQ" failures="0" tests="1" name="com.doctor.admincanchangepasword" time="3.662" errors="0" timestamp="2023-11-30T13:25:18 IST" skipped="0">
  <testcase classname="com.doctor.admincanchangepasword" name="Test1" time="3.662"/>
  <system-out/>
</testsuite> <!-- com.doctor.admincanchangepasword -->
