<?xml version="1.0" encoding="UTF-8"?>
<!-- Generated by org.testng.reporters.JUnitReportReporter -->
<testsuite hostname="DESKTOP-S5RPUEQ" failures="0" tests="5" name="practices.TestNG" time="0.031" errors="0" timestamp="2023-11-20T13:38:55 IST" skipped="0">
  <testcase classname="practices.TestNG" name="createtest" time="0.021"/>
  <system-out/>
  <testcase classname="practices.TestNG" name="edittest" time="0.002"/>
  <system-out/>
  <testcase classname="practices.TestNG" name="logout" time="0.002"/>
  <system-out/>
  <testcase classname="practices.TestNG" name="Login" time="0.002"/>
  <system-out/>
  <testcase classname="practices.TestNG" name="Deletetest" time="0.004"/>
  <system-out/>
</testsuite> <!-- practices.TestNG -->
