<?xml version="1.0" encoding="UTF-8"?>
<!-- Generated by org.testng.reporters.JUnitReportReporter -->
<testsuite hostname="DESKTOP-S5RPUEQ" failures="0" tests="1" name="datadrivenprograms.Hardassert" time="0.016" errors="0" timestamp="2023-11-22T15:49:24 IST" skipped="0">
  <testcase classname="datadrivenprograms.Hardassert" name="Hardassetr_test2" time="0.016"/>
  <system-out/>
</testsuite> <!-- datadrivenprograms.Hardassert -->
