<?xml version="1.0" encoding="UTF-8"?>
<!-- Generated by org.testng.reporters.JUnitReportReporter -->
<testsuite hostname="DESKTOP-S5RPUEQ" failures="0" tests="2" name="practices.Dataprovider" time="0.017" errors="0" timestamp="2023-11-20T22:53:21 IST" skipped="0">
  <testcase classname="practices.Dataprovider" name="getdata" time="0.003"/>
  <system-out/>
  <testcase classname="practices.Dataprovider" name="getdata" time="0.014"/>
  <system-out/>
</testsuite> <!-- practices.Dataprovider -->
