<?xml version="1.0" encoding="UTF-8"?>
<!-- Generated by org.testng.reporters.JUnitReportReporter -->
<testsuite hostname="DESKTOP-S5RPUEQ" failures="0" tests="2" name="datadrivenprograms.practies1" time="4.664" errors="0" timestamp="2023-11-22T14:48:54 IST" skipped="0">
  <testcase classname="datadrivenprograms.practies1" name="test1" time="0.950"/>
  <system-out/>
  <testcase classname="datadrivenprograms.practies1" name="test2" time="3.714"/>
  <system-out/>
</testsuite> <!-- datadrivenprograms.practies1 -->
