<?xml version="1.0" encoding="UTF-8"?>
<!-- Generated by org.testng.reporters.JUnitReportReporter -->
<testsuite hostname="DESKTOP-S5RPUEQ" failures="0" tests="1" name="com.admin.Admineditthedoctor" time="12.598" errors="0" timestamp="2023-11-30T15:52:45 IST" skipped="0">
  <testcase classname="com.admin.Admineditthedoctor" name="test2" time="12.598"/>
  <system-out/>
</testsuite> <!-- com.admin.Admineditthedoctor -->
