<?xml version="1.0" encoding="UTF-8"?>
<!-- Generated by org.testng.reporters.JUnitReportReporter -->
<testsuite hostname="DESKTOP-S5RPUEQ" failures="0" tests="1" name="com.doctor.Addmedicalhistroy" time="10.504" errors="0" timestamp="2023-11-30T15:50:43 IST" skipped="0">
  <testcase classname="com.doctor.Addmedicalhistroy" name="test3" time="10.504"/>
  <system-out/>
</testsuite> <!-- com.doctor.Addmedicalhistroy -->
