<?xml version="1.0" encoding="UTF-8"?>
<!-- Generated by org.testng.reporters.JUnitReportReporter -->
<testsuite hostname="DESKTOP-S5RPUEQ" failures="0" tests="1" name="com.doctor.newdoctor" time="10.636" errors="0" timestamp="2023-11-30T15:53:37 IST" skipped="0">
  <testcase classname="com.doctor.newdoctor" name="test4" time="10.636"/>
  <system-out/>
</testsuite> <!-- com.doctor.newdoctor -->
