<?xml version="1.0" encoding="UTF-8"?>
<!-- Generated by org.testng.reporters.JUnitReportReporter -->
<testsuite hostname="DESKTOP-S5RPUEQ" failures="0" tests="1" name="datadrivenprograms.Sample1" time="3.935" errors="0" timestamp="2023-11-22T14:48:54 IST" skipped="0">
  <testcase classname="datadrivenprograms.Sample1" name="test1" time="3.935"/>
  <system-out/>
</testsuite> <!-- datadrivenprograms.Sample1 -->
