<?xml version="1.0" encoding="UTF-8"?>
<!-- Generated by org.testng.reporters.JUnitReportReporter -->
<testsuite hostname="DESKTOP-S5RPUEQ" failures="0" tests="2" name="practices.exucuteannotation" time="0.020" errors="0" timestamp="2023-11-20T18:01:56 IST" skipped="0">
  <testcase classname="practices.exucuteannotation" name="test1" time="0.013"/>
  <system-out/>
  <testcase classname="practices.exucuteannotation" name="test2" time="0.007"/>
  <system-out/>
</testsuite> <!-- practices.exucuteannotation -->
