<?xml version="1.0" encoding="UTF-8"?>
<!-- Generated by org.testng.reporters.JUnitReportReporter -->
<testsuite hostname="DESKTOP-S5RPUEQ" failures="0" tests="1" name="datadrivenprograms.Demo1" time="2.421" errors="0" timestamp="2023-11-22T14:48:54 IST" skipped="0">
  <testcase classname="datadrivenprograms.Demo1" name="test1" time="2.421"/>
  <system-out/>
</testsuite> <!-- datadrivenprograms.Demo1 -->
