<?xml version="1.0" encoding="UTF-8"?>
<!-- Generated by org.testng.reporters.JUnitReportReporter -->
<testsuite hostname="DESKTOP-S5RPUEQ" failures="0" tests="1" name="com.user.patientupdateprofile_test" time="23.148" errors="0" timestamp="2023-11-30T15:08:20 IST" skipped="0">
  <testcase classname="com.user.patientupdateprofile_test" name="test1" time="23.148"/>
  <system-out/>
</testsuite> <!-- com.user.patientupdateprofile_test -->
